Unity Editor version:    2020.3.24f1 (79c78de19888)
Branch:                  2020.3/staging
Build type:              Release
Batch mode:              YES
System name:             Linux
Distro version:          #29~20.04.1-Ubuntu SMP Wed Aug 11 15:58:17 UTC 2021
Kernel version:          5.11.0-27-generic
Architecture:            x86_64
Available memory:        15402 MB
Using pre-set license
Pro License: NO
Desktop is 1920 x 1080 @ 60 Hz

COMMAND LINE ARGUMENTS:
Unity
-adb2
-batchMode
-noUpm
-name
AssetImportWorker0
-projectPath
/home/koolguy/Creation/Champions Blood Testingground
-logFile
Logs/AssetImportWorker0.log
-srvPort
44217
Successfully changed project path to: /home/koolguy/Creation/Champions Blood Testingground
/home/koolguy/Creation/Champions Blood Testingground
Using Asset Import Pipeline V2.
Refreshing native plugins compatible for Editor in 29,53 ms, found 0 plugins.
Preloading 0 native plugins for Editor in 0,00 ms.
Initialize engine version: 2020.3.24f1 (79c78de19888)
[Subsystems] Discovering subsystems at path /home/koolguy/Unity/Hub/Editor/2020.3.24f1/Editor/Data/Resources/UnitySubsystems
[Subsystems] Discovering subsystems at path /home/koolguy/Creation/Champions Blood Testingground/Assets
GLX Extensions: GLX_ARB_get_proc_address GLX_ARB_multisample GLX_EXT_visual_info GLX_EXT_visual_rating GLX_EXT_import_context GLX_SGI_video_sync GLX_SGIX_fbconfig GLX_SGIX_pbuffer GLX_SGI_swap_control GLX_EXT_swap_control GLX_EXT_swap_control_tear GLX_EXT_buffer_age GLX_ARB_create_context GLX_ARB_create_context_profile GLX_NV_float_buffer GLX_ARB_fbconfig_float GLX_EXT_texture_from_pixmap GLX_EXT_framebuffer_sRGB GLX_NV_copy_image GLX_EXT_create_context_es_profile GLX_EXT_create_context_es2_profile GLX_ARB_create_context_no_error GLX_ARB_create_context_robustness GLX_NV_delay_before_swap GLX_EXT_stereo_tree GLX_ARB_context_flush_control GLX_NV_robustness_video_memory_purge GLX_NV_multigpu_context 
Renderer: NVIDIA GeForce GTX 1650/PCIe/SSE2
Vendor:   NVIDIA Corporation
Version:  4.5.0 NVIDIA 470.57.02
GLES:     0
 GL_AMD_multi_draw_indirect GL_AMD_seamless_cubemap_per_texture GL_AMD_vertex_shader_viewport_index GL_AMD_vertex_shader_layer GL_ARB_arrays_of_arrays GL_ARB_base_instance GL_ARB_bindless_texture GL_ARB_blend_func_extended GL_ARB_buffer_storage GL_ARB_clear_buffer_object GL_ARB_clear_texture GL_ARB_clip_control GL_ARB_color_buffer_float GL_ARB_compressed_texture_pixel_storage GL_ARB_conservative_depth GL_ARB_compute_shader GL_ARB_compute_variable_group_size GL_ARB_conditional_render_inverted GL_ARB_copy_buffer GL_ARB_copy_image GL_ARB_cull_distance GL_ARB_debug_output GL_ARB_depth_buffer_float GL_ARB_depth_clamp GL_ARB_depth_texture GL_ARB_derivative_control GL_ARB_direct_state_access GL_ARB_draw_buffers GL_ARB_draw_buffers_blend GL_ARB_draw_indirect GL_ARB_draw_elements_base_vertex GL_ARB_draw_instanced GL_ARB_enhanced_layouts GL_ARB_ES2_compatibility GL_ARB_ES3_compatibility GL_ARB_ES3_1_compatibility GL_ARB_ES3_2_compatibility GL_ARB_explicit_attrib_location GL_ARB_explicit_uniform_location GL_ARB_fragmen
t_coord_conventions GL_ARB_fragment_layer_viewport GL_ARB_fragment_program GL_ARB_fragment_program_shadow GL_ARB_fragment_shader GL_ARB_fragment_shader_interlock GL_ARB_framebuffer_no_attachments GL_ARB_framebuffer_object GL_ARB_framebuffer_sRGB GL_ARB_geometry_shader4 GL_ARB_get_program_binary GL_ARB_get_texture_sub_image GL_ARB_gl_spirv GL_ARB_gpu_shader5 GL_ARB_gpu_shader_fp64 GL_ARB_gpu_shader_int64 GL_ARB_half_float_pixel GL_ARB_half_float_vertex GL_ARB_imaging GL_ARB_indirect_parameters GL_ARB_instanced_arrays GL_ARB_internalformat_query GL_ARB_internalformat_query2 GL_ARB_invalidate_subdata GL_ARB_map_buffer_alignment GL_ARB_map_buffer_range GL_ARB_multi_bind GL_ARB_multi_draw_indirect GL_ARB_multisample GL_ARB_multitexture GL_ARB_occlusion_query GL_ARB_occlusion_query2 GL_ARB_parallel_shader_compile GL_ARB_pipeline_statistics_query GL_ARB_pixel_buffer_object GL_ARB_point_parameters GL_ARB_point_sprite GL_ARB_polygon_offset_clamp GL_ARB_post_depth_coverage GL_ARB_program_interface_query GL_ARB_provoki
ng_vertex GL_ARB_query_buffer_object GL_ARB_robust_buffer_access_behavior GL_ARB_robustness GL_ARB_sample_locations GL_ARB_sample_shading GL_ARB_sampler_objects GL_ARB_seamless_cube_map GL_ARB_seamless_cubemap_per_texture GL_ARB_separate_shader_objects GL_ARB_shader_atomic_counter_ops GL_ARB_shader_atomic_counters GL_ARB_shader_ballot GL_ARB_shader_bit_encoding GL_ARB_shader_clock GL_ARB_shader_draw_parameters GL_ARB_shader_group_vote GL_ARB_shader_image_load_store GL_ARB_shader_image_size GL_ARB_shader_objects GL_ARB_shader_precision GL_ARB_shader_storage_buffer_object GL_ARB_shader_subroutine GL_ARB_shader_texture_image_samples GL_ARB_shader_texture_lod GL_ARB_shading_language_100 GL_ARB_shader_viewport_layer_array GL_ARB_shading_language_420pack GL_ARB_shading_language_include GL_ARB_shading_language_packing GL_ARB_shadow GL_ARB_sparse_buffer GL_ARB_sparse_texture GL_ARB_sparse_texture2 GL_ARB_sparse_texture_clamp GL_ARB_spirv_extensions GL_ARB_stencil_texturing GL_ARB_sync GL_ARB_tessellation_shader GL_A
RB_texture_barrier GL_ARB_texture_border_clamp GL_ARB_texture_buffer_object GL_ARB_texture_buffer_object_rgb32 GL_ARB_texture_buffer_range GL_ARB_texture_compression GL_ARB_texture_compression_bptc GL_ARB_texture_compression_rgtc GL_ARB_texture_cube_map GL_ARB_texture_cube_map_array GL_ARB_texture_env_add GL_ARB_texture_env_combine GL_ARB_texture_env_crossbar GL_ARB_texture_env_dot3 GL_ARB_texture_filter_anisotropic GL_ARB_texture_filter_minmax GL_ARB_texture_float GL_ARB_texture_gather GL_ARB_texture_mirror_clamp_to_edge GL_ARB_texture_mirrored_repeat GL_ARB_texture_multisample GL_ARB_texture_non_power_of_two GL_ARB_texture_query_levels GL_ARB_texture_query_lod GL_ARB_texture_rectangle GL_ARB_texture_rg GL_ARB_texture_rgb10_a2ui GL_ARB_texture_stencil8 GL_ARB_texture_storage GL_ARB_texture_storage_multisample GL_ARB_texture_swizzle GL_ARB_texture_view GL_ARB_timer_query GL_ARB_transform_feedback2 GL_ARB_transform_feedback3 GL_ARB_transform_feedback_instanced GL_ARB_transform_feedback_overflow_query GL_ARB_t
ranspose_matrix GL_ARB_uniform_buffer_object GL_ARB_vertex_array_bgra GL_ARB_vertex_array_object GL_ARB_vertex_attrib_64bit GL_ARB_vertex_attrib_binding GL_ARB_vertex_buffer_object GL_ARB_vertex_program GL_ARB_vertex_shader GL_ARB_vertex_type_10f_11f_11f_rev GL_ARB_vertex_type_2_10_10_10_rev GL_ARB_viewport_array GL_ARB_window_pos GL_ATI_draw_buffers GL_ATI_texture_float GL_ATI_texture_mirror_once GL_S3_s3tc GL_EXT_texture_env_add GL_EXT_abgr GL_EXT_bgra GL_EXT_bindable_uniform GL_EXT_blend_color GL_EXT_blend_equation_separate GL_EXT_blend_func_separate GL_EXT_blend_minmax GL_EXT_blend_subtract GL_EXT_compiled_vertex_array GL_EXT_Cg_shader GL_EXT_depth_bounds_test GL_EXT_direct_state_access GL_EXT_draw_buffers2 GL_EXT_draw_instanced GL_EXT_draw_range_elements GL_EXT_fog_coord GL_EXT_framebuffer_blit GL_EXT_framebuffer_multisample GL_EXTX_framebuffer_mixed_formats GL_EXT_framebuffer_multisample_blit_scaled GL_EXT_framebuffer_object GL_EXT_framebuffer_sRGB GL_EXT_geometry_shader4 GL_EXT_gpu_program_parameters 
GL_EXT_gpu_shader4 GL_EXT_multi_draw_arrays GL_EXT_multiview_texture_multisample GL_EXT_multiview_timer_query GL_EXT_packed_depth_stencil GL_EXT_packed_float GL_EXT_packed_pixels GL_EXT_pixel_buffer_object GL_EXT_point_parameters GL_EXT_polygon_offset_clamp GL_EXT_post_depth_coverage GL_EXT_provoking_vertex GL_EXT_raster_multisample GL_EXT_rescale_normal GL_EXT_secondary_color GL_EXT_separate_shader_objects GL_EXT_separate_specular_color GL_EXT_shader_image_load_formatted GL_EXT_shader_image_load_store GL_EXT_shader_integer_mix GL_EXT_shadow_funcs GL_EXT_sparse_texture2 GL_EXT_stencil_two_side GL_EXT_stencil_wrap GL_EXT_texture3D GL_EXT_texture_array GL_EXT_texture_buffer_object GL_EXT_texture_compression_dxt1 GL_EXT_texture_compression_latc GL_EXT_texture_compression_rgtc GL_EXT_texture_compression_s3tc GL_EXT_texture_cube_map GL_EXT_texture_edge_clamp GL_EXT_texture_env_combine GL_EXT_texture_env_dot3 GL_EXT_texture_filter_anisotropic GL_EXT_texture_filter_minmax GL_EXT_texture_integer GL_EXT_texture_lod G
L_EXT_texture_lod_bias GL_EXT_texture_mirror_clamp GL_EXT_texture_object GL_EXT_texture_shadow_lod GL_EXT_texture_shared_exponent GL_EXT_texture_sRGB GL_EXT_texture_sRGB_R8 GL_EXT_texture_sRGB_decode GL_EXT_texture_storage GL_EXT_texture_swizzle GL_EXT_timer_query GL_EXT_transform_feedback2 GL_EXT_vertex_array GL_EXT_vertex_array_bgra GL_EXT_vertex_attrib_64bit GL_EXT_window_rectangles GL_EXT_x11_sync_object GL_EXT_import_sync_object GL_NV_robustness_video_memory_purge GL_IBM_rasterpos_clip GL_IBM_texture_mirrored_repeat GL_KHR_context_flush_control GL_KHR_debug GL_EXT_memory_object GL_EXT_memory_object_fd GL_NV_memory_object_sparse GL_KHR_parallel_shader_compile GL_KHR_no_error GL_KHR_robust_buffer_access_behavior GL_KHR_robustness GL_EXT_semaphore GL_EXT_semaphore_fd GL_NV_timeline_semaphore GL_KHR_shader_subgroup GL_KTX_buffer_region GL_NV_alpha_to_coverage_dither_control GL_NV_bindless_multi_draw_indirect GL_NV_bindless_multi_draw_indirect_count GL_NV_bindless_texture GL_NV_blend_equation_advanced GL_NV_
blend_equation_advanced_coherent GL_NVX_blend_equation_advanced_multi_draw_buffers GL_NV_blend_minmax_factor GL_NV_blend_square GL_NV_clip_space_w_scaling GL_NV_command_list GL_NV_compute_program5 GL_NV_compute_shader_derivatives GL_NV_conditional_render GL_NV_conservative_raster GL_NV_conservative_raster_dilate GL_NV_conservative_raster_pre_snap GL_NV_conservative_raster_pre_snap_triangles GL_NV_conservative_raster_underestimation GL_NV_copy_depth_to_color GL_NV_copy_image GL_NV_depth_buffer_float GL_NV_depth_clamp GL_NV_draw_texture GL_NV_draw_vulkan_image GL_NV_ES1_1_compatibility GL_NV_ES3_1_compatibility GL_NV_explicit_multisample GL_NV_feature_query GL_NV_fence GL_NV_fill_rectangle GL_NV_float_buffer GL_NV_fog_distance GL_NV_fragment_coverage_to_color GL_NV_fragment_program GL_NV_fragment_program_option GL_NV_fragment_program2 GL_NV_fragment_shader_barycentric GL_NV_fragment_shader_interlock GL_NV_framebuffer_mixed_samples GL_NV_framebuffer_multisample_coverage GL_NV_geometry_shader4 GL_NV_geometry_sha
der_passthrough GL_NV_gpu_program4 GL_NV_internalformat_sample_query GL_NV_gpu_program4_1 GL_NV_gpu_program5 GL_NV_gpu_program5_mem_extended GL_NV_gpu_program_fp64 GL_NV_gpu_shader5 GL_NV_half_float GL_NV_light_max_exponent GL_NV_memory_attachment GL_NV_mesh_shader GL_NV_multisample_coverage GL_NV_multisample_filter_hint GL_NV_occlusion_query GL_NV_packed_depth_stencil GL_NV_parameter_buffer_object GL_NV_parameter_buffer_object2 GL_NV_path_rendering GL_NV_path_rendering_shared_edge GL_NV_pixel_data_range GL_NV_point_sprite GL_NV_primitive_restart GL_NV_query_resource GL_NV_query_resource_tag GL_NV_register_combiners GL_NV_register_combiners2 GL_NV_representative_fragment_test GL_NV_sample_locations GL_NV_sample_mask_override_coverage GL_NV_scissor_exclusive GL_NV_shader_atomic_counters GL_NV_shader_atomic_float GL_NV_shader_atomic_float64 GL_NV_shader_atomic_fp16_vector GL_NV_shader_atomic_int64 GL_NV_shader_buffer_load GL_NV_shader_storage_buffer_object GL_NV_shader_subgroup_partitioned GL_NV_shader_texture
_footprint GL_NV_shading_rate_image GL_NV_stereo_view_rendering GL_NV_texgen_reflection GL_NV_texture_barrier GL_NV_texture_compression_vtc GL_NV_texture_env_combine4 GL_NV_texture_multisample GL_NV_texture_rectangle GL_NV_texture_rectangle_compressed GL_NV_texture_shader GL_NV_texture_shader2 GL_NV_texture_shader3 GL_NV_transform_feedback GL_NV_transform_feedback2 GL_NV_uniform_buffer_unified_memory GL_NV_vdpau_interop GL_NV_vdpau_interop2 GL_NV_vertex_array_range GL_NV_vertex_array_range2 GL_NV_vertex_attrib_integer_64bit GL_NV_vertex_buffer_unified_memory GL_NV_vertex_program GL_NV_vertex_program1_1 GL_NV_vertex_program2 GL_NV_vertex_program2_option GL_NV_vertex_program3 GL_NV_viewport_array2 GL_NV_viewport_swizzle GL_NVX_conditional_render GL_NV_gpu_multicast GL_NVX_progress_fence GL_NVX_gpu_memory_info GL_NVX_nvenc_interop GL_NV_shader_thread_group GL_NV_shader_thread_shuffle GL_KHR_blend_equation_advanced GL_KHR_blend_equation_advanced_coherent GL_OVR_multiview GL_OVR_multiview2 GL_SGIS_generate_mipmap
 GL_SGIS_texture_lod GL_SGIX_depth_texture GL_SGIX_shadow GL_SUN_slice_accum
OPENGL LOG: Creating OpenGL 4.5 graphics device ; Context level  <OpenGL 4.5> ; Context handle -291514136
Initialize mono
Mono path[0] = '/home/koolguy/Unity/Hub/Editor/2020.3.24f1/Editor/Data/Managed'
Mono path[1] = '/home/koolguy/Unity/Hub/Editor/2020.3.24f1/Editor/Data/MonoBleedingEdge/lib/mono/unityjit'
Mono config path = '/home/koolguy/Unity/Hub/Editor/2020.3.24f1/Editor/Data/MonoBleedingEdge/etc'
Using monoOptions --debugger-agent=transport=dt_socket,embedding=1,server=y,suspend=n,address=127.0.0.1:56735
Begin MonoManager ReloadAssembly
Registering precompiled unity dll's ...
Register platform support module: /home/koolguy/Unity/Hub/Editor/2020.3.24f1/Editor/Data/PlaybackEngines/LinuxStandaloneSupport/UnityEditor.LinuxStandalone.Extensions.dll
Registered in 0,000954 seconds.
Native extension for LinuxStandalone target not found
Refreshing native plugins compatible for Editor in 32,45 ms, found 0 plugins.
Preloading 0 native plugins for Editor in 0,00 ms.
Mono: successfully reloaded assembly
- Completed reload, in  0,574 seconds
Domain Reload Profiling:
	ReloadAssembly (574ms)
		BeginReloadAssembly (26ms)
			ExecutionOrderSort (0ms)
			DisableScriptedObjects (0ms)
			BackupInstance (0ms)
			ReleaseScriptingObjects (0ms)
			CreateAndSetChildDomain (1ms)
		EndReloadAssembly (481ms)
			LoadAssemblies (25ms)
			RebuildTransferFunctionScriptingTraits (0ms)
			SetupTypeCache (164ms)
			ReleaseScriptCaches (0ms)
			RebuildScriptCaches (39ms)
			SetupLoadedEditorAssemblies (192ms)
				LogAssemblyErrors (0ms)
				InitializePlatformSupportModulesInManaged (5ms)
				SetLoadedEditorAssemblies (0ms)
				RefreshPlugins (32ms)
				BeforeProcessingInitializeOnLoad (9ms)
				ProcessInitializeOnLoadAttributes (117ms)
				ProcessInitializeOnLoadMethodAttributes (27ms)
				AfterProcessingInitializeOnLoad (0ms)
				EditorAssembliesLoaded (0ms)
			ExecutionOrderSort2 (0ms)
			AwakeInstancesAfterBackupRestoration (0ms)
Platform modules already initialized, skipping
Registering precompiled user dll's ...
Registered in 0,001835 seconds.
Begin MonoManager ReloadAssembly
Native extension for LinuxStandalone target not found
Refreshing native plugins compatible for Editor in 0,41 ms, found 0 plugins.
Preloading 0 native plugins for Editor in 0,00 ms.
Mono: successfully reloaded assembly
- Completed reload, in  0,972 seconds
Domain Reload Profiling:
	ReloadAssembly (973ms)
		BeginReloadAssembly (124ms)
			ExecutionOrderSort (0ms)
			DisableScriptedObjects (5ms)
			BackupInstance (0ms)
			ReleaseScriptingObjects (0ms)
			CreateAndSetChildDomain (27ms)
		EndReloadAssembly (793ms)
			LoadAssemblies (59ms)
			RebuildTransferFunctionScriptingTraits (0ms)
			SetupTypeCache (283ms)
			ReleaseScriptCaches (0ms)
			RebuildScriptCaches (50ms)
			SetupLoadedEditorAssemblies (299ms)
				LogAssemblyErrors (0ms)
				InitializePlatformSupportModulesInManaged (12ms)
				SetLoadedEditorAssemblies (1ms)
				RefreshPlugins (0ms)
				BeforeProcessingInitializeOnLoad (60ms)
				ProcessInitializeOnLoadAttributes (215ms)
				ProcessInitializeOnLoadMethodAttributes (8ms)
				AfterProcessingInitializeOnLoad (3ms)
				EditorAssembliesLoaded (0ms)
			ExecutionOrderSort2 (0ms)
			AwakeInstancesAfterBackupRestoration (7ms)
Platform modules already initialized, skipping
========================================================================
Worker process is ready to serve import requests
Launched and connected shader compiler UnityShaderCompiler after 0.01 seconds
Refreshing native plugins compatible for Editor in 0,47 ms, found 0 plugins.
Preloading 0 native plugins for Editor in 0,00 ms.
Unloading 1545 Unused Serialized files (Serialized files now loaded: 0)
System memory in use before: 84,2 MB.
System memory in use after: 84,2 MB.

Unloading 18 unused Assets to reduce memory usage. Loaded Objects now: 2001.
Total: 5,499264 ms (FindLiveObjects: 0,353263 ms CreateObjectMapping: 0,197921 ms MarkObjects: 4,797598 ms  DeleteObjects: 0,146665 ms)

AssetImportParameters requested are different than current active one (requested -> active):
  custom:video-decoder-ogg-theora: a1e56fd34408186e4bbccfd4996cb3dc -> 
  custom:container-muxer-webm: aa71ff27fc2769a1b78a27578f13a17b -> 
  custom:container-demuxer-webm: 4f35f7cbe854078d1ac9338744f61a02 -> 
  custom:container-demuxer-ogg: 62fdf1f143b41e24485cea50d1cbac27 -> 
  custom:video-encoder-webm-vp8: eb34c28f22e8b96e1ab97ce403110664 -> 
  custom:video-decoder-webm-vp8: 9c59270c3fd7afecdb556c50c9e8de78 -> 
  custom:audio-decoder-ogg-vorbis: bf7c407c2cedff20999df2af8eb42d56 -> 
  custom:audio-encoder-webm-vorbis: bf7c407c2cedff20999df2af8eb42d56 -> 
========================================================================
Received Import Request.
  path: Assets/NavMeshComponents/Scripts/NavMeshComponents.asmdef
  artifactKey: Guid(8c4dd21966739024fbd72155091d199e) Importer(815301076,1909f56bfc062723c751e8b465ee728b)
Start importing Assets/NavMeshComponents/Scripts/NavMeshComponents.asmdef using Guid(8c4dd21966739024fbd72155091d199e) Importer(815301076,1909f56bfc062723c751e8b465ee728b)  -> (artifact id: '34779cf858a309d5dc8c16016420a4c2') in 0,004151 seconds 
  Import took 0,007377 seconds .

========================================================================
Received Import Request.
  Time since last request: 0,000468 seconds.
  path: Assets/NavMeshComponents/Scripts
  artifactKey: Guid(ce67aa87f613246dda63a54a59c6399e) Importer(815301076,1909f56bfc062723c751e8b465ee728b)
Start importing Assets/NavMeshComponents/Scripts using Guid(ce67aa87f613246dda63a54a59c6399e) Importer(815301076,1909f56bfc062723c751e8b465ee728b)  -> (artifact id: 'd97ad612c4bc3f82622cbe0d0ab8a5b8') in 0,000556 seconds 
  Import took 0,003057 seconds .

========================================================================
Received Import Request.
  Time since last request: 3,643644 seconds.
  path: Assets/NavMeshComponents/Scripts/NavMeshLink.cs
  artifactKey: Guid(6eeb5dc026fdf4b488bc7ae0138ab719) Importer(815301076,1909f56bfc062723c751e8b465ee728b)
Start importing Assets/NavMeshComponents/Scripts/NavMeshLink.cs using Guid(6eeb5dc026fdf4b488bc7ae0138ab719) Importer(815301076,1909f56bfc062723c751e8b465ee728b)  -> (artifact id: 'ffa36a1b93e177164791279cdc2cfba2') in 0,000996 seconds 
  Import took 0,004923 seconds .

========================================================================
Received Import Request.
  Time since last request: 2,105318 seconds.
  path: Assets/NavMeshComponents/Scripts/NavMeshModifier.cs
  artifactKey: Guid(1e3fdca004f2d45fe8abbed571a8abd5) Importer(815301076,1909f56bfc062723c751e8b465ee728b)
Start importing Assets/NavMeshComponents/Scripts/NavMeshModifier.cs using Guid(1e3fdca004f2d45fe8abbed571a8abd5) Importer(815301076,1909f56bfc062723c751e8b465ee728b)  -> (artifact id: '5b32458c53cdae855751434f55482703') in 0,001366 seconds 
  Import took 0,005824 seconds .

========================================================================
Received Import Request.
  Time since last request: 1,376586 seconds.
  path: Assets/NavMeshComponents/Scripts/NavMeshModifierVolume.cs
  artifactKey: Guid(35e95dc5ff2b64380880dd7ac5922847) Importer(815301076,1909f56bfc062723c751e8b465ee728b)
Start importing Assets/NavMeshComponents/Scripts/NavMeshModifierVolume.cs using Guid(35e95dc5ff2b64380880dd7ac5922847) Importer(815301076,1909f56bfc062723c751e8b465ee728b)  -> (artifact id: 'faa22383e6169feb8fb8735154f363e5') in 0,000763 seconds 
  Import took 0,003619 seconds .

========================================================================
Received Import Request.
  Time since last request: 1,288391 seconds.
  path: Assets/NavMeshComponents/Scripts/NavMeshSurface.cs
  artifactKey: Guid(7a5ac11cc976e418e8d13136b07e1f52) Importer(815301076,1909f56bfc062723c751e8b465ee728b)
Start importing Assets/NavMeshComponents/Scripts/NavMeshSurface.cs using Guid(7a5ac11cc976e418e8d13136b07e1f52) Importer(815301076,1909f56bfc062723c751e8b465ee728b)  -> (artifact id: '8d8ac25872a339fb0b3bc063bb36a186') in 0,001187 seconds 
  Import took 0,005046 seconds .

========================================================================
Received Import Request.
  Time since last request: 250,026113 seconds.
  path: Assets/Scenes/SampleScene/NavMesh-Terrain.asset
  artifactKey: Guid(4e0bab3fcda9983e5aafd6794ce9f4b0) Importer(815301076,1909f56bfc062723c751e8b465ee728b)
Start importing Assets/Scenes/SampleScene/NavMesh-Terrain.asset using Guid(4e0bab3fcda9983e5aafd6794ce9f4b0) Importer(815301076,1909f56bfc062723c751e8b465ee728b)  -> (artifact id: 'b6d12471fc18cec8122871edf32ac3ce') in 0,013717 seconds 
  Import took 0,017747 seconds .

========================================================================
Received Prepare
Registering precompiled user dll's ...
Registered in 0,001872 seconds.
Begin MonoManager ReloadAssembly
Native extension for LinuxStandalone target not found
Refreshing native plugins compatible for Editor in 0,41 ms, found 0 plugins.
Preloading 0 native plugins for Editor in 0,00 ms.
Mono: successfully reloaded assembly
- Completed reload, in  1,019 seconds
Domain Reload Profiling:
	ReloadAssembly (1019ms)
		BeginReloadAssembly (106ms)
			ExecutionOrderSort (0ms)
			DisableScriptedObjects (5ms)
			BackupInstance (0ms)
			ReleaseScriptingObjects (0ms)
			CreateAndSetChildDomain (47ms)
		EndReloadAssembly (853ms)
			LoadAssemblies (66ms)
			RebuildTransferFunctionScriptingTraits (0ms)
			SetupTypeCache (319ms)
			ReleaseScriptCaches (1ms)
			RebuildScriptCaches (46ms)
			SetupLoadedEditorAssemblies (312ms)
				LogAssemblyErrors (0ms)
				InitializePlatformSupportModulesInManaged (13ms)
				SetLoadedEditorAssemblies (1ms)
				RefreshPlugins (0ms)
				BeforeProcessingInitializeOnLoad (60ms)
				ProcessInitializeOnLoadAttributes (224ms)
				ProcessInitializeOnLoadMethodAttributes (10ms)
				AfterProcessingInitializeOnLoad (3ms)
				EditorAssembliesLoaded (0ms)
			ExecutionOrderSort2 (0ms)
			AwakeInstancesAfterBackupRestoration (8ms)
Platform modules already initialized, skipping
Refreshing native plugins compatible for Editor in 0,41 ms, found 0 plugins.
Preloading 0 native plugins for Editor in 0,00 ms.
Unloading 1538 Unused Serialized files (Serialized files now loaded: 0)
System memory in use before: 83,9 MB.
System memory in use after: 84,0 MB.

Unloading 14 unused Assets to reduce memory usage. Loaded Objects now: 2003.
Total: 6,043666 ms (FindLiveObjects: 0,265609 ms CreateObjectMapping: 0,121027 ms MarkObjects: 5,585396 ms  DeleteObjects: 0,068499 ms)

AssetImportParameters requested are different than current active one (requested -> active):
  custom:video-decoder-ogg-theora: a1e56fd34408186e4bbccfd4996cb3dc -> 
  custom:container-muxer-webm: aa71ff27fc2769a1b78a27578f13a17b -> 
  custom:container-demuxer-webm: 4f35f7cbe854078d1ac9338744f61a02 -> 
  custom:container-demuxer-ogg: 62fdf1f143b41e24485cea50d1cbac27 -> 
  custom:video-encoder-webm-vp8: eb34c28f22e8b96e1ab97ce403110664 -> 
  custom:video-decoder-webm-vp8: 9c59270c3fd7afecdb556c50c9e8de78 -> 
  custom:audio-decoder-ogg-vorbis: bf7c407c2cedff20999df2af8eb42d56 -> 
  custom:audio-encoder-webm-vorbis: bf7c407c2cedff20999df2af8eb42d56 -> 
========================================================================
Received Import Request.
  Time since last request: 342,848531 seconds.
  path: Assets/Scripts/Parameters.asset
  artifactKey: Guid(1466c3ebb3fd52dffaa880dcb418ec23) Importer(815301076,1909f56bfc062723c751e8b465ee728b)
Start importing Assets/Scripts/Parameters.asset using Guid(1466c3ebb3fd52dffaa880dcb418ec23) Importer(815301076,1909f56bfc062723c751e8b465ee728b)  -> (artifact id: '1b9ee7d0a27688cb9d58d0cb08cf9e73') in 0,014791 seconds 
  Import took 0,018106 seconds .

========================================================================
Received Import Request.
  Time since last request: 78,339348 seconds.
  path: Assets/Scripts/Globals.cs
  artifactKey: Guid(3780191755105878ca344effb96f06ff) Importer(815301076,1909f56bfc062723c751e8b465ee728b)
Start importing Assets/Scripts/Globals.cs using Guid(3780191755105878ca344effb96f06ff) Importer(815301076,1909f56bfc062723c751e8b465ee728b)  -> (artifact id: '487b9d00bf8c5b2887ee4fea13955cd1') in 0,001485 seconds 
  Import took 0,006674 seconds .

========================================================================
Received Prepare
Registering precompiled user dll's ...
Registered in 0,001807 seconds.
Begin MonoManager ReloadAssembly
Native extension for LinuxStandalone target not found
Refreshing native plugins compatible for Editor in 0,41 ms, found 0 plugins.
Preloading 0 native plugins for Editor in 0,00 ms.
Mono: successfully reloaded assembly
- Completed reload, in  0,942 seconds
Domain Reload Profiling:
	ReloadAssembly (943ms)
		BeginReloadAssembly (95ms)
			ExecutionOrderSort (0ms)
			DisableScriptedObjects (4ms)
			BackupInstance (0ms)
			ReleaseScriptingObjects (0ms)
			CreateAndSetChildDomain (38ms)
		EndReloadAssembly (795ms)
			LoadAssemblies (59ms)
			RebuildTransferFunctionScriptingTraits (0ms)
			SetupTypeCache (281ms)
			ReleaseScriptCaches (1ms)
			RebuildScriptCaches (44ms)
			SetupLoadedEditorAssemblies (308ms)
				LogAssemblyErrors (0ms)
				InitializePlatformSupportModulesInManaged (12ms)
				SetLoadedEditorAssemblies (0ms)
				RefreshPlugins (0ms)
				BeforeProcessingInitializeOnLoad (55ms)
				ProcessInitializeOnLoadAttributes (228ms)
				ProcessInitializeOnLoadMethodAttributes (9ms)
				AfterProcessingInitializeOnLoad (3ms)
				EditorAssembliesLoaded (0ms)
			ExecutionOrderSort2 (0ms)
			AwakeInstancesAfterBackupRestoration (8ms)
Platform modules already initialized, skipping
Refreshing native plugins compatible for Editor in 0,42 ms, found 0 plugins.
Preloading 0 native plugins for Editor in 0,00 ms.
Unloading 1538 Unused Serialized files (Serialized files now loaded: 0)
System memory in use before: 84,0 MB.
System memory in use after: 84,0 MB.

Unloading 14 unused Assets to reduce memory usage. Loaded Objects now: 2005.
Total: 5,509493 ms (FindLiveObjects: 0,267371 ms CreateObjectMapping: 0,081463 ms MarkObjects: 5,087863 ms  DeleteObjects: 0,069570 ms)

AssetImportParameters requested are different than current active one (requested -> active):
  custom:video-decoder-ogg-theora: a1e56fd34408186e4bbccfd4996cb3dc -> 
  custom:container-muxer-webm: aa71ff27fc2769a1b78a27578f13a17b -> 
  custom:container-demuxer-webm: 4f35f7cbe854078d1ac9338744f61a02 -> 
  custom:container-demuxer-ogg: 62fdf1f143b41e24485cea50d1cbac27 -> 
  custom:video-encoder-webm-vp8: eb34c28f22e8b96e1ab97ce403110664 -> 
  custom:video-decoder-webm-vp8: 9c59270c3fd7afecdb556c50c9e8de78 -> 
  custom:audio-decoder-ogg-vorbis: bf7c407c2cedff20999df2af8eb42d56 -> 
  custom:audio-encoder-webm-vorbis: bf7c407c2cedff20999df2af8eb42d56 -> 
========================================================================
Received Import Request.
  Time since last request: 32,757109 seconds.
  path: Assets/Scripts/Globals.cs
  artifactKey: Guid(3780191755105878ca344effb96f06ff) Importer(815301076,1909f56bfc062723c751e8b465ee728b)
Start importing Assets/Scripts/Globals.cs using Guid(3780191755105878ca344effb96f06ff) Importer(815301076,1909f56bfc062723c751e8b465ee728b)  -> (artifact id: '05a1f39e85f83720d6db2772f230ec31') in 0,003709 seconds 
  Import took 0,006717 seconds .

========================================================================
Received Import Request.
  Time since last request: 22,421131 seconds.
  path: Assets/Scripts/BuildingPlacer.cs
  artifactKey: Guid(ac93e75deeb2100498096b02e503ea30) Importer(815301076,1909f56bfc062723c751e8b465ee728b)
Start importing Assets/Scripts/BuildingPlacer.cs using Guid(ac93e75deeb2100498096b02e503ea30) Importer(815301076,1909f56bfc062723c751e8b465ee728b)  -> (artifact id: 'f37b78aec811f6da0e8aacdbd3d7390a') in 0,001433 seconds 
  Import took 0,006123 seconds .

========================================================================
Received Prepare
Registering precompiled user dll's ...
Registered in 0,001987 seconds.
Begin MonoManager ReloadAssembly
Native extension for LinuxStandalone target not found
Refreshing native plugins compatible for Editor in 0,44 ms, found 0 plugins.
Preloading 0 native plugins for Editor in 0,00 ms.
Mono: successfully reloaded assembly
- Completed reload, in  0,930 seconds
Domain Reload Profiling:
	ReloadAssembly (931ms)
		BeginReloadAssembly (88ms)
			ExecutionOrderSort (0ms)
			DisableScriptedObjects (4ms)
			BackupInstance (0ms)
			ReleaseScriptingObjects (0ms)
			CreateAndSetChildDomain (39ms)
		EndReloadAssembly (780ms)
			LoadAssemblies (56ms)
			RebuildTransferFunctionScriptingTraits (0ms)
			SetupTypeCache (278ms)
			ReleaseScriptCaches (1ms)
			RebuildScriptCaches (45ms)
			SetupLoadedEditorAssemblies (291ms)
				LogAssemblyErrors (0ms)
				InitializePlatformSupportModulesInManaged (11ms)
				SetLoadedEditorAssemblies (1ms)
				RefreshPlugins (0ms)
				BeforeProcessingInitializeOnLoad (55ms)
				ProcessInitializeOnLoadAttributes (212ms)
				ProcessInitializeOnLoadMethodAttributes (9ms)
				AfterProcessingInitializeOnLoad (3ms)
				EditorAssembliesLoaded (0ms)
			ExecutionOrderSort2 (0ms)
			AwakeInstancesAfterBackupRestoration (7ms)
Platform modules already initialized, skipping
Refreshing native plugins compatible for Editor in 0,41 ms, found 0 plugins.
Preloading 0 native plugins for Editor in 0,00 ms.
Unloading 1538 Unused Serialized files (Serialized files now loaded: 0)
System memory in use before: 84,0 MB.
System memory in use after: 84,0 MB.

Unloading 14 unused Assets to reduce memory usage. Loaded Objects now: 2007.
Total: 5,695642 ms (FindLiveObjects: 0,283622 ms CreateObjectMapping: 0,047619 ms MarkObjects: 5,281175 ms  DeleteObjects: 0,080481 ms)

AssetImportParameters requested are different than current active one (requested -> active):
  custom:video-decoder-ogg-theora: a1e56fd34408186e4bbccfd4996cb3dc -> 
  custom:container-muxer-webm: aa71ff27fc2769a1b78a27578f13a17b -> 
  custom:container-demuxer-webm: 4f35f7cbe854078d1ac9338744f61a02 -> 
  custom:container-demuxer-ogg: 62fdf1f143b41e24485cea50d1cbac27 -> 
  custom:video-encoder-webm-vp8: eb34c28f22e8b96e1ab97ce403110664 -> 
  custom:video-decoder-webm-vp8: 9c59270c3fd7afecdb556c50c9e8de78 -> 
  custom:audio-decoder-ogg-vorbis: bf7c407c2cedff20999df2af8eb42d56 -> 
  custom:audio-encoder-webm-vorbis: bf7c407c2cedff20999df2af8eb42d56 -> 
========================================================================
Received Import Request.
  Time since last request: 42,480865 seconds.
  path: Assets/Scripts/BuildingPlacer.cs
  artifactKey: Guid(ac93e75deeb2100498096b02e503ea30) Importer(815301076,1909f56bfc062723c751e8b465ee728b)
Start importing Assets/Scripts/BuildingPlacer.cs using Guid(ac93e75deeb2100498096b02e503ea30) Importer(815301076,1909f56bfc062723c751e8b465ee728b)  -> (artifact id: '4b4278b00c62c18f2f4f4cdb18d396fd') in 0,003616 seconds 
  Import took 0,006615 seconds .

========================================================================
Received Import Request.
  Time since last request: 275,355788 seconds.
  path: Assets/Scripts/SkillData.cs
  artifactKey: Guid(fa260c7da33169f6795e2f4b8aaac9e3) Importer(815301076,1909f56bfc062723c751e8b465ee728b)
Start importing Assets/Scripts/SkillData.cs using Guid(fa260c7da33169f6795e2f4b8aaac9e3) Importer(815301076,1909f56bfc062723c751e8b465ee728b)  -> (artifact id: '4c514d6489fbfcb029d3b04a9618b99e') in 0,000891 seconds 
  Import took 0,003884 seconds .

========================================================================
Received Prepare
Registering precompiled user dll's ...
Registered in 0,001889 seconds.
Begin MonoManager ReloadAssembly
Native extension for LinuxStandalone target not found
Refreshing native plugins compatible for Editor in 0,49 ms, found 0 plugins.
Preloading 0 native plugins for Editor in 0,00 ms.
Mono: successfully reloaded assembly
- Completed reload, in  0,964 seconds
Domain Reload Profiling:
	ReloadAssembly (965ms)
		BeginReloadAssembly (91ms)
			ExecutionOrderSort (0ms)
			DisableScriptedObjects (5ms)
			BackupInstance (0ms)
			ReleaseScriptingObjects (0ms)
			CreateAndSetChildDomain (38ms)
		EndReloadAssembly (816ms)
			LoadAssemblies (62ms)
			RebuildTransferFunctionScriptingTraits (0ms)
			SetupTypeCache (294ms)
			ReleaseScriptCaches (1ms)
			RebuildScriptCaches (46ms)
			SetupLoadedEditorAssemblies (300ms)
				LogAssemblyErrors (0ms)
				InitializePlatformSupportModulesInManaged (13ms)
				SetLoadedEditorAssemblies (0ms)
				RefreshPlugins (1ms)
				BeforeProcessingInitializeOnLoad (59ms)
				ProcessInitializeOnLoadAttributes (214ms)
				ProcessInitializeOnLoadMethodAttributes (9ms)
				AfterProcessingInitializeOnLoad (3ms)
				EditorAssembliesLoaded (0ms)
			ExecutionOrderSort2 (0ms)
			AwakeInstancesAfterBackupRestoration (9ms)
Platform modules already initialized, skipping
Refreshing native plugins compatible for Editor in 0,41 ms, found 0 plugins.
Preloading 0 native plugins for Editor in 0,00 ms.
Unloading 1538 Unused Serialized files (Serialized files now loaded: 0)
System memory in use before: 84,0 MB.
System memory in use after: 84,0 MB.

Unloading 14 unused Assets to reduce memory usage. Loaded Objects now: 2009.
Total: 5,309859 ms (FindLiveObjects: 0,264076 ms CreateObjectMapping: 0,058529 ms MarkObjects: 4,898818 ms  DeleteObjects: 0,084799 ms)

AssetImportParameters requested are different than current active one (requested -> active):
  custom:video-decoder-ogg-theora: a1e56fd34408186e4bbccfd4996cb3dc -> 
  custom:container-muxer-webm: aa71ff27fc2769a1b78a27578f13a17b -> 
  custom:container-demuxer-webm: 4f35f7cbe854078d1ac9338744f61a02 -> 
  custom:container-demuxer-ogg: 62fdf1f143b41e24485cea50d1cbac27 -> 
  custom:video-encoder-webm-vp8: eb34c28f22e8b96e1ab97ce403110664 -> 
  custom:video-decoder-webm-vp8: 9c59270c3fd7afecdb556c50c9e8de78 -> 
  custom:audio-decoder-ogg-vorbis: bf7c407c2cedff20999df2af8eb42d56 -> 
  custom:audio-encoder-webm-vorbis: bf7c407c2cedff20999df2af8eb42d56 -> 
========================================================================
Received Import Request.
  Time since last request: 50,786283 seconds.
  path: Assets/Scripts/SkillData.cs
  artifactKey: Guid(fa260c7da33169f6795e2f4b8aaac9e3) Importer(815301076,1909f56bfc062723c751e8b465ee728b)
Start importing Assets/Scripts/SkillData.cs using Guid(fa260c7da33169f6795e2f4b8aaac9e3) Importer(815301076,1909f56bfc062723c751e8b465ee728b)  -> (artifact id: '53ec5f8b1284d60fa1f0a1e4d99acf01') in 0,003586 seconds 
  Import took 0,006285 seconds .

========================================================================
Received Import Request.
  Time since last request: 79,586762 seconds.
  path: Assets/Resources/Prefabs/Units/Units/Soldier.prefab
  artifactKey: Guid(beb846defff2c82308eec3f363388772) Importer(815301076,1909f56bfc062723c751e8b465ee728b)
Start importing Assets/Resources/Prefabs/Units/Units/Soldier.prefab using Guid(beb846defff2c82308eec3f363388772) Importer(815301076,1909f56bfc062723c751e8b465ee728b)  -> (artifact id: '29c979490bcde87c59e68d29236409cd') in 0,081365 seconds 
  Import took 0,084688 seconds .

========================================================================
Received Prepare
Registering precompiled user dll's ...
Registered in 0,001805 seconds.
Begin MonoManager ReloadAssembly
Native extension for LinuxStandalone target not found
Refreshing native plugins compatible for Editor in 0,41 ms, found 0 plugins.
Preloading 0 native plugins for Editor in 0,00 ms.
Mono: successfully reloaded assembly
- Completed reload, in  0,874 seconds
Domain Reload Profiling:
	ReloadAssembly (875ms)
		BeginReloadAssembly (88ms)
			ExecutionOrderSort (0ms)
			DisableScriptedObjects (4ms)
			BackupInstance (0ms)
			ReleaseScriptingObjects (0ms)
			CreateAndSetChildDomain (37ms)
		EndReloadAssembly (731ms)
			LoadAssemblies (57ms)
			RebuildTransferFunctionScriptingTraits (0ms)
			SetupTypeCache (263ms)
			ReleaseScriptCaches (1ms)
			RebuildScriptCaches (43ms)
			SetupLoadedEditorAssemblies (270ms)
				LogAssemblyErrors (0ms)
				InitializePlatformSupportModulesInManaged (11ms)
				SetLoadedEditorAssemblies (0ms)
				RefreshPlugins (0ms)
				BeforeProcessingInitializeOnLoad (53ms)
				ProcessInitializeOnLoadAttributes (194ms)
				ProcessInitializeOnLoadMethodAttributes (8ms)
				AfterProcessingInitializeOnLoad (3ms)
				EditorAssembliesLoaded (0ms)
			ExecutionOrderSort2 (0ms)
			AwakeInstancesAfterBackupRestoration (7ms)
Platform modules already initialized, skipping
Refreshing native plugins compatible for Editor in 0,41 ms, found 0 plugins.
Preloading 0 native plugins for Editor in 0,00 ms.
Unloading 1538 Unused Serialized files (Serialized files now loaded: 0)
System memory in use before: 85,4 MB.
System memory in use after: 85,4 MB.

Unloading 15 unused Assets to reduce memory usage. Loaded Objects now: 2019.
Total: 4,661573 ms (FindLiveObjects: 0,216877 ms CreateObjectMapping: 0,030107 ms MarkObjects: 4,325623 ms  DeleteObjects: 0,086051 ms)

AssetImportParameters requested are different than current active one (requested -> active):
  custom:video-decoder-ogg-theora: a1e56fd34408186e4bbccfd4996cb3dc -> 
  custom:container-muxer-webm: aa71ff27fc2769a1b78a27578f13a17b -> 
  custom:container-demuxer-webm: 4f35f7cbe854078d1ac9338744f61a02 -> 
  custom:container-demuxer-ogg: 62fdf1f143b41e24485cea50d1cbac27 -> 
  custom:video-encoder-webm-vp8: eb34c28f22e8b96e1ab97ce403110664 -> 
  custom:video-decoder-webm-vp8: 9c59270c3fd7afecdb556c50c9e8de78 -> 
  custom:audio-decoder-ogg-vorbis: bf7c407c2cedff20999df2af8eb42d56 -> 
  custom:audio-encoder-webm-vorbis: bf7c407c2cedff20999df2af8eb42d56 -> 
========================================================================
Received Prepare
Registering precompiled user dll's ...
Registered in 0,001725 seconds.
Begin MonoManager ReloadAssembly
Native extension for LinuxStandalone target not found
Refreshing native plugins compatible for Editor in 0,46 ms, found 0 plugins.
Preloading 0 native plugins for Editor in 0,00 ms.
Mono: successfully reloaded assembly
- Completed reload, in  0,893 seconds
Domain Reload Profiling:
	ReloadAssembly (894ms)
		BeginReloadAssembly (93ms)
			ExecutionOrderSort (0ms)
			DisableScriptedObjects (4ms)
			BackupInstance (0ms)
			ReleaseScriptingObjects (0ms)
			CreateAndSetChildDomain (43ms)
		EndReloadAssembly (745ms)
			LoadAssemblies (58ms)
			RebuildTransferFunctionScriptingTraits (0ms)
			SetupTypeCache (266ms)
			ReleaseScriptCaches (1ms)
			RebuildScriptCaches (44ms)
			SetupLoadedEditorAssemblies (280ms)
				LogAssemblyErrors (0ms)
				InitializePlatformSupportModulesInManaged (12ms)
				SetLoadedEditorAssemblies (1ms)
				RefreshPlugins (0ms)
				BeforeProcessingInitializeOnLoad (57ms)
				ProcessInitializeOnLoadAttributes (199ms)
				ProcessInitializeOnLoadMethodAttributes (8ms)
				AfterProcessingInitializeOnLoad (3ms)
				EditorAssembliesLoaded (0ms)
			ExecutionOrderSort2 (0ms)
			AwakeInstancesAfterBackupRestoration (6ms)
Platform modules already initialized, skipping
Refreshing native plugins compatible for Editor in 0,41 ms, found 0 plugins.
Preloading 0 native plugins for Editor in 0,00 ms.
Unloading 1538 Unused Serialized files (Serialized files now loaded: 0)
System memory in use before: 85,4 MB.
System memory in use after: 85,4 MB.

Unloading 14 unused Assets to reduce memory usage. Loaded Objects now: 2021.
Total: 7,863749 ms (FindLiveObjects: 0,269886 ms CreateObjectMapping: 0,059601 ms MarkObjects: 7,415579 ms  DeleteObjects: 0,115056 ms)

AssetImportParameters requested are different than current active one (requested -> active):
  custom:video-decoder-ogg-theora: a1e56fd34408186e4bbccfd4996cb3dc -> 
  custom:container-muxer-webm: aa71ff27fc2769a1b78a27578f13a17b -> 
  custom:container-demuxer-webm: 4f35f7cbe854078d1ac9338744f61a02 -> 
  custom:container-demuxer-ogg: 62fdf1f143b41e24485cea50d1cbac27 -> 
  custom:video-encoder-webm-vp8: eb34c28f22e8b96e1ab97ce403110664 -> 
  custom:video-decoder-webm-vp8: 9c59270c3fd7afecdb556c50c9e8de78 -> 
  custom:audio-decoder-ogg-vorbis: bf7c407c2cedff20999df2af8eb42d56 -> 
  custom:audio-encoder-webm-vorbis: bf7c407c2cedff20999df2af8eb42d56 -> 
========================================================================
Received Prepare
Registering precompiled user dll's ...
Registered in 0,002301 seconds.
Begin MonoManager ReloadAssembly
Native extension for LinuxStandalone target not found
Refreshing native plugins compatible for Editor in 0,49 ms, found 0 plugins.
Preloading 0 native plugins for Editor in 0,00 ms.
Mono: successfully reloaded assembly
- Completed reload, in  1,194 seconds
Domain Reload Profiling:
	ReloadAssembly (1194ms)
		BeginReloadAssembly (112ms)
			ExecutionOrderSort (0ms)
			DisableScriptedObjects (5ms)
			BackupInstance (0ms)
			ReleaseScriptingObjects (0ms)
			CreateAndSetChildDomain (53ms)
		EndReloadAssembly (1009ms)
			LoadAssemblies (81ms)
			RebuildTransferFunctionScriptingTraits (0ms)
			SetupTypeCache (364ms)
			ReleaseScriptCaches (1ms)
			RebuildScriptCaches (72ms)
			SetupLoadedEditorAssemblies (360ms)
				LogAssemblyErrors (0ms)
				InitializePlatformSupportModulesInManaged (15ms)
				SetLoadedEditorAssemblies (1ms)
				RefreshPlugins (1ms)
				BeforeProcessingInitializeOnLoad (73ms)
				ProcessInitializeOnLoadAttributes (255ms)
				ProcessInitializeOnLoadMethodAttributes (11ms)
				AfterProcessingInitializeOnLoad (4ms)
				EditorAssembliesLoaded (0ms)
			ExecutionOrderSort2 (0ms)
			AwakeInstancesAfterBackupRestoration (8ms)
Platform modules already initialized, skipping
Refreshing native plugins compatible for Editor in 0,94 ms, found 0 plugins.
Preloading 0 native plugins for Editor in 0,00 ms.
Unloading 1538 Unused Serialized files (Serialized files now loaded: 0)
System memory in use before: 85,4 MB.
System memory in use after: 85,4 MB.

Unloading 14 unused Assets to reduce memory usage. Loaded Objects now: 2023.
Total: 5,273350 ms (FindLiveObjects: 0,271008 ms CreateObjectMapping: 0,033934 ms MarkObjects: 4,872679 ms  DeleteObjects: 0,091261 ms)

AssetImportParameters requested are different than current active one (requested -> active):
  custom:video-decoder-ogg-theora: a1e56fd34408186e4bbccfd4996cb3dc -> 
  custom:container-muxer-webm: aa71ff27fc2769a1b78a27578f13a17b -> 
  custom:container-demuxer-webm: 4f35f7cbe854078d1ac9338744f61a02 -> 
  custom:container-demuxer-ogg: 62fdf1f143b41e24485cea50d1cbac27 -> 
  custom:video-encoder-webm-vp8: eb34c28f22e8b96e1ab97ce403110664 -> 
  custom:video-decoder-webm-vp8: 9c59270c3fd7afecdb556c50c9e8de78 -> 
  custom:audio-decoder-ogg-vorbis: bf7c407c2cedff20999df2af8eb42d56 -> 
  custom:audio-encoder-webm-vorbis: bf7c407c2cedff20999df2af8eb42d56 -> 
========================================================================
Received Import Request.
  Time since last request: 4277,016668 seconds.
  path: Assets/Resources/Prefabs/Units/Buildings/Hut.prefab
  artifactKey: Guid(ad103595d9e7b83bcb9c23c7de4f871e) Importer(815301076,1909f56bfc062723c751e8b465ee728b)
Start importing Assets/Resources/Prefabs/Units/Buildings/Hut.prefab using Guid(ad103595d9e7b83bcb9c23c7de4f871e) Importer(815301076,1909f56bfc062723c751e8b465ee728b)  -> (artifact id: '634ad6d2df05dd4877d3d282689b8eab') in 0,073420 seconds 
  Import took 0,077122 seconds .

========================================================================
Received Import Request.
  Time since last request: 1,113760 seconds.
  path: Assets/Resources/Prefabs/Units/Buildings/Hut.prefab
  artifactKey: Guid(ad103595d9e7b83bcb9c23c7de4f871e) Importer(815301076,1909f56bfc062723c751e8b465ee728b)
Start importing Assets/Resources/Prefabs/Units/Buildings/Hut.prefab using Guid(ad103595d9e7b83bcb9c23c7de4f871e) Importer(815301076,1909f56bfc062723c751e8b465ee728b)  -> (artifact id: '9cfc70345801c94d6e7cb3d4468fb9f3') in 0,008954 seconds 
  Import took 0,012516 seconds .

========================================================================
Received Import Request.
  Time since last request: 1,202222 seconds.
  path: Assets/Resources/Prefabs/Units/Buildings/Hut.prefab
  artifactKey: Guid(ad103595d9e7b83bcb9c23c7de4f871e) Importer(815301076,1909f56bfc062723c751e8b465ee728b)
Start importing Assets/Resources/Prefabs/Units/Buildings/Hut.prefab using Guid(ad103595d9e7b83bcb9c23c7de4f871e) Importer(815301076,1909f56bfc062723c751e8b465ee728b)  -> (artifact id: 'ca7aa572518bebb15852b6420a86a193') in 0,007379 seconds 
  Import took 0,010686 seconds .

========================================================================
Received Import Request.
  Time since last request: 5,677966 seconds.
  path: Assets/Resources/Prefabs/Units/Buildings/Hut.prefab
  artifactKey: Guid(ad103595d9e7b83bcb9c23c7de4f871e) Importer(815301076,1909f56bfc062723c751e8b465ee728b)
Start importing Assets/Resources/Prefabs/Units/Buildings/Hut.prefab using Guid(ad103595d9e7b83bcb9c23c7de4f871e) Importer(815301076,1909f56bfc062723c751e8b465ee728b)  -> (artifact id: '0a12ab51c394a332e1527c319c7b095f') in 0,011075 seconds 
  Import took 0,014288 seconds .

========================================================================
Received Import Request.
  Time since last request: 5,280268 seconds.
  path: Assets/Resources/Prefabs/Units/Buildings/Hut.prefab
  artifactKey: Guid(ad103595d9e7b83bcb9c23c7de4f871e) Importer(815301076,1909f56bfc062723c751e8b465ee728b)
Start importing Assets/Resources/Prefabs/Units/Buildings/Hut.prefab using Guid(ad103595d9e7b83bcb9c23c7de4f871e) Importer(815301076,1909f56bfc062723c751e8b465ee728b)  -> (artifact id: '4763eed1e2dc523711dc1b80ba2f1d30') in 0,018960 seconds 
  Import took 0,022642 seconds .

========================================================================
Received Import Request.
  Time since last request: 1,601717 seconds.
  path: Assets/Resources/Prefabs/Units/Buildings/Hut.prefab
  artifactKey: Guid(ad103595d9e7b83bcb9c23c7de4f871e) Importer(815301076,1909f56bfc062723c751e8b465ee728b)
Start importing Assets/Resources/Prefabs/Units/Buildings/Hut.prefab using Guid(ad103595d9e7b83bcb9c23c7de4f871e) Importer(815301076,1909f56bfc062723c751e8b465ee728b)  -> (artifact id: '5d321d90128c10265b647af42d4c427d') in 0,010079 seconds 
  Import took 0,013442 seconds .

========================================================================
Received Import Request.
  Time since last request: 2,241132 seconds.
  path: Assets/Resources/Prefabs/Units/Buildings/Hut.prefab
  artifactKey: Guid(ad103595d9e7b83bcb9c23c7de4f871e) Importer(815301076,1909f56bfc062723c751e8b465ee728b)
Start importing Assets/Resources/Prefabs/Units/Buildings/Hut.prefab using Guid(ad103595d9e7b83bcb9c23c7de4f871e) Importer(815301076,1909f56bfc062723c751e8b465ee728b)  -> (artifact id: '963b06458d3ee85de3f6de7531160c17') in 0,010383 seconds 
  Import took 0,014236 seconds .

========================================================================
Received Prepare
Registering precompiled user dll's ...
Registered in 0,001785 seconds.
Begin MonoManager ReloadAssembly
Native extension for LinuxStandalone target not found
Refreshing native plugins compatible for Editor in 0,43 ms, found 0 plugins.
Preloading 0 native plugins for Editor in 0,00 ms.
Mono: successfully reloaded assembly
- Completed reload, in  1,061 seconds
Domain Reload Profiling:
	ReloadAssembly (1062ms)
		BeginReloadAssembly (103ms)
			ExecutionOrderSort (0ms)
			DisableScriptedObjects (5ms)
			BackupInstance (0ms)
			ReleaseScriptingObjects (0ms)
			CreateAndSetChildDomain (48ms)
		EndReloadAssembly (893ms)
			LoadAssemblies (71ms)
			RebuildTransferFunctionScriptingTraits (0ms)
			SetupTypeCache (327ms)
			ReleaseScriptCaches (1ms)
			RebuildScriptCaches (50ms)
			SetupLoadedEditorAssemblies (334ms)
				LogAssemblyErrors (0ms)
				InitializePlatformSupportModulesInManaged (14ms)
				SetLoadedEditorAssemblies (1ms)
				RefreshPlugins (0ms)
				BeforeProcessingInitializeOnLoad (64ms)
				ProcessInitializeOnLoadAttributes (241ms)
				ProcessInitializeOnLoadMethodAttributes (10ms)
				AfterProcessingInitializeOnLoad (3ms)
				EditorAssembliesLoaded (1ms)
			ExecutionOrderSort2 (0ms)
			AwakeInstancesAfterBackupRestoration (8ms)
Platform modules already initialized, skipping
Refreshing native plugins compatible for Editor in 0,43 ms, found 0 plugins.
Preloading 0 native plugins for Editor in 0,00 ms.
Unloading 1538 Unused Serialized files (Serialized files now loaded: 0)
System memory in use before: 85,4 MB.
System memory in use after: 85,5 MB.

Unloading 15 unused Assets to reduce memory usage. Loaded Objects now: 2026.
Total: 4,882638 ms (FindLiveObjects: 0,224311 ms CreateObjectMapping: 0,032210 ms MarkObjects: 4,524876 ms  DeleteObjects: 0,097614 ms)

AssetImportParameters requested are different than current active one (requested -> active):
  custom:video-decoder-ogg-theora: a1e56fd34408186e4bbccfd4996cb3dc -> 
  custom:container-muxer-webm: aa71ff27fc2769a1b78a27578f13a17b -> 
  custom:container-demuxer-webm: 4f35f7cbe854078d1ac9338744f61a02 -> 
  custom:container-demuxer-ogg: 62fdf1f143b41e24485cea50d1cbac27 -> 
  custom:video-encoder-webm-vp8: eb34c28f22e8b96e1ab97ce403110664 -> 
  custom:video-decoder-webm-vp8: 9c59270c3fd7afecdb556c50c9e8de78 -> 
  custom:audio-decoder-ogg-vorbis: bf7c407c2cedff20999df2af8eb42d56 -> 
  custom:audio-encoder-webm-vorbis: bf7c407c2cedff20999df2af8eb42d56 -> 
========================================================================
Received Import Request.
  Time since last request: 10,360654 seconds.
  path: Assets/Resources/Prefabs/Units/Buildings/Hut.prefab
  artifactKey: Guid(ad103595d9e7b83bcb9c23c7de4f871e) Importer(815301076,1909f56bfc062723c751e8b465ee728b)
Start importing Assets/Resources/Prefabs/Units/Buildings/Hut.prefab using Guid(ad103595d9e7b83bcb9c23c7de4f871e) Importer(815301076,1909f56bfc062723c751e8b465ee728b)  -> (artifact id: 'cc33a9d6b252563e7bc2922b76544c47') in 0,061490 seconds 
  Import took 0,064748 seconds .

========================================================================
Received Import Request.
  Time since last request: 100,874409 seconds.
  path: Assets/Resources/Prefabs/Units/Units/Soldier.prefab
  artifactKey: Guid(beb846defff2c82308eec3f363388772) Importer(815301076,1909f56bfc062723c751e8b465ee728b)
Start importing Assets/Resources/Prefabs/Units/Units/Soldier.prefab using Guid(beb846defff2c82308eec3f363388772) Importer(815301076,1909f56bfc062723c751e8b465ee728b)  -> (artifact id: 'ba9e5ced88818a97c8b77be7e4b0866c') in 0,011256 seconds 
  Import took 0,014597 seconds .

========================================================================
Received Import Request.
  Time since last request: 1,202142 seconds.
  path: Assets/Resources/Prefabs/Units/Units/Soldier.prefab
  artifactKey: Guid(beb846defff2c82308eec3f363388772) Importer(815301076,1909f56bfc062723c751e8b465ee728b)
Start importing Assets/Resources/Prefabs/Units/Units/Soldier.prefab using Guid(beb846defff2c82308eec3f363388772) Importer(815301076,1909f56bfc062723c751e8b465ee728b)  -> (artifact id: 'a9b595e7354b0298c6376a15b4f1c206') in 0,011942 seconds 
  Import took 0,016530 seconds .

========================================================================
Received Import Request.
  Time since last request: 0,814465 seconds.
  path: Assets/Resources/Prefabs/Units/Units/Soldier.prefab
  artifactKey: Guid(beb846defff2c82308eec3f363388772) Importer(815301076,1909f56bfc062723c751e8b465ee728b)
Start importing Assets/Resources/Prefabs/Units/Units/Soldier.prefab using Guid(beb846defff2c82308eec3f363388772) Importer(815301076,1909f56bfc062723c751e8b465ee728b)  -> (artifact id: 'acf4810123ee1b67bcb93eb742e076e8') in 0,008981 seconds 
  Import took 0,012758 seconds .

========================================================================
Received Import Request.
  Time since last request: 4,691344 seconds.
  path: Assets/Resources/Prefabs/Units/Units/Soldier.prefab
  artifactKey: Guid(beb846defff2c82308eec3f363388772) Importer(815301076,1909f56bfc062723c751e8b465ee728b)
Start importing Assets/Resources/Prefabs/Units/Units/Soldier.prefab using Guid(beb846defff2c82308eec3f363388772) Importer(815301076,1909f56bfc062723c751e8b465ee728b)  -> (artifact id: 'e36c6f6a3316e3656cc9a3be32852066') in 0,015855 seconds 
  Import took 0,019706 seconds .

========================================================================
Received Import Request.
  Time since last request: 5,256832 seconds.
  path: Assets/Resources/Prefabs/Units/Units/Soldier.prefab
  artifactKey: Guid(beb846defff2c82308eec3f363388772) Importer(815301076,1909f56bfc062723c751e8b465ee728b)
Start importing Assets/Resources/Prefabs/Units/Units/Soldier.prefab using Guid(beb846defff2c82308eec3f363388772) Importer(815301076,1909f56bfc062723c751e8b465ee728b)  -> (artifact id: '429602e32bc7de2bb999689698986814') in 0,009936 seconds 
  Import took 0,014279 seconds .

========================================================================
Received Import Request.
  Time since last request: 3,629583 seconds.
  path: Assets/Resources/Prefabs/Units/Units/Soldier.prefab
  artifactKey: Guid(beb846defff2c82308eec3f363388772) Importer(815301076,1909f56bfc062723c751e8b465ee728b)
Start importing Assets/Resources/Prefabs/Units/Units/Soldier.prefab using Guid(beb846defff2c82308eec3f363388772) Importer(815301076,1909f56bfc062723c751e8b465ee728b)  -> (artifact id: '580ace2ae1d7b55f7fd205cb57e1108c') in 0,008884 seconds 
  Import took 0,011906 seconds .

========================================================================
Received Import Request.
  Time since last request: 3,045229 seconds.
  path: Assets/Resources/Prefabs/Units/Units/Soldier.prefab
  artifactKey: Guid(beb846defff2c82308eec3f363388772) Importer(815301076,1909f56bfc062723c751e8b465ee728b)
Start importing Assets/Resources/Prefabs/Units/Units/Soldier.prefab using Guid(beb846defff2c82308eec3f363388772) Importer(815301076,1909f56bfc062723c751e8b465ee728b)  -> (artifact id: '77cc4514c30dc78427ab9ebab8aa020a') in 0,009013 seconds 
  Import took 0,012230 seconds .

========================================================================
Received Import Request.
  Time since last request: 9,132075 seconds.
  path: Assets/Resources/Prefabs/Units/Units/Soldier.prefab
  artifactKey: Guid(beb846defff2c82308eec3f363388772) Importer(815301076,1909f56bfc062723c751e8b465ee728b)
Start importing Assets/Resources/Prefabs/Units/Units/Soldier.prefab using Guid(beb846defff2c82308eec3f363388772) Importer(815301076,1909f56bfc062723c751e8b465ee728b)  -> (artifact id: '168c7e4d994a4f322efbce893615c241') in 0,009938 seconds 
  Import took 0,013832 seconds .

========================================================================
Received Import Request.
  Time since last request: 9,996591 seconds.
  path: Assets/Resources/Prefabs/Units/Units/Soldier.prefab
  artifactKey: Guid(beb846defff2c82308eec3f363388772) Importer(815301076,1909f56bfc062723c751e8b465ee728b)
Start importing Assets/Resources/Prefabs/Units/Units/Soldier.prefab using Guid(beb846defff2c82308eec3f363388772) Importer(815301076,1909f56bfc062723c751e8b465ee728b)  -> (artifact id: 'cb79064e2f1784cb2aa57afb3b1cfc68') in 0,010835 seconds 
  Import took 0,013716 seconds .

========================================================================
Received Import Request.
  Time since last request: 1,200094 seconds.
  path: Assets/Resources/Prefabs/Units/Units/Soldier.prefab
  artifactKey: Guid(beb846defff2c82308eec3f363388772) Importer(815301076,1909f56bfc062723c751e8b465ee728b)
Start importing Assets/Resources/Prefabs/Units/Units/Soldier.prefab using Guid(beb846defff2c82308eec3f363388772) Importer(815301076,1909f56bfc062723c751e8b465ee728b)  -> (artifact id: '3c94b0a26dd257c69c770b915019a994') in 0,007834 seconds 
  Import took 0,011312 seconds .

========================================================================
Received Import Request.
  Time since last request: 9,950498 seconds.
  path: Assets/Resources/Prefabs/Units/Units/Soldier.prefab
  artifactKey: Guid(beb846defff2c82308eec3f363388772) Importer(815301076,1909f56bfc062723c751e8b465ee728b)
Start importing Assets/Resources/Prefabs/Units/Units/Soldier.prefab using Guid(beb846defff2c82308eec3f363388772) Importer(815301076,1909f56bfc062723c751e8b465ee728b)  -> (artifact id: '4ef4b9c96c6cb58dd5c988f478fabb11') in 0,009885 seconds 
  Import took 0,013280 seconds .

========================================================================
Received Import Request.
  Time since last request: 3,060208 seconds.
  path: Assets/Resources/Prefabs/Units/Units/Soldier.prefab
  artifactKey: Guid(beb846defff2c82308eec3f363388772) Importer(815301076,1909f56bfc062723c751e8b465ee728b)
Start importing Assets/Resources/Prefabs/Units/Units/Soldier.prefab using Guid(beb846defff2c82308eec3f363388772) Importer(815301076,1909f56bfc062723c751e8b465ee728b)  -> (artifact id: '2645478d95d92bddfcf41786d3382b5d') in 0,008697 seconds 
  Import took 0,012598 seconds .

========================================================================
Received Import Request.
  Time since last request: 0,992220 seconds.
  path: Assets/Resources/Prefabs/Units/Units/Soldier.prefab
  artifactKey: Guid(beb846defff2c82308eec3f363388772) Importer(815301076,1909f56bfc062723c751e8b465ee728b)
Start importing Assets/Resources/Prefabs/Units/Units/Soldier.prefab using Guid(beb846defff2c82308eec3f363388772) Importer(815301076,1909f56bfc062723c751e8b465ee728b)  -> (artifact id: '380e50c396452b6cb28cf56edac23b40') in 0,007986 seconds 
  Import took 0,011761 seconds .

========================================================================
Received Import Request.
  Time since last request: 3,045462 seconds.
  path: Assets/Resources/Prefabs/Units/Units/Soldier.prefab
  artifactKey: Guid(beb846defff2c82308eec3f363388772) Importer(815301076,1909f56bfc062723c751e8b465ee728b)
Start importing Assets/Resources/Prefabs/Units/Units/Soldier.prefab using Guid(beb846defff2c82308eec3f363388772) Importer(815301076,1909f56bfc062723c751e8b465ee728b)  -> (artifact id: '4dbd446c88261297b1823cd52ff38229') in 0,010567 seconds 
  Import took 0,014946 seconds .

========================================================================
Received Prepare
Registering precompiled user dll's ...
Registered in 0,002334 seconds.
Begin MonoManager ReloadAssembly
Native extension for LinuxStandalone target not found
Refreshing native plugins compatible for Editor in 0,52 ms, found 0 plugins.
Preloading 0 native plugins for Editor in 0,00 ms.
Mono: successfully reloaded assembly
- Completed reload, in  1,133 seconds
Domain Reload Profiling:
	ReloadAssembly (1133ms)
		BeginReloadAssembly (100ms)
			ExecutionOrderSort (0ms)
			DisableScriptedObjects (8ms)
			BackupInstance (0ms)
			ReleaseScriptingObjects (0ms)
			CreateAndSetChildDomain (46ms)
		EndReloadAssembly (967ms)
			LoadAssemblies (65ms)
			RebuildTransferFunctionScriptingTraits (0ms)
			SetupTypeCache (326ms)
			ReleaseScriptCaches (1ms)
			RebuildScriptCaches (55ms)
			SetupLoadedEditorAssemblies (387ms)
				LogAssemblyErrors (0ms)
				InitializePlatformSupportModulesInManaged (18ms)
				SetLoadedEditorAssemblies (1ms)
				RefreshPlugins (1ms)
				BeforeProcessingInitializeOnLoad (81ms)
				ProcessInitializeOnLoadAttributes (273ms)
				ProcessInitializeOnLoadMethodAttributes (10ms)
				AfterProcessingInitializeOnLoad (4ms)
				EditorAssembliesLoaded (0ms)
			ExecutionOrderSort2 (0ms)
			AwakeInstancesAfterBackupRestoration (8ms)
Platform modules already initialized, skipping
Refreshing native plugins compatible for Editor in 0,45 ms, found 0 plugins.
Preloading 0 native plugins for Editor in 0,00 ms.
Unloading 1538 Unused Serialized files (Serialized files now loaded: 0)
System memory in use before: 85,4 MB.
System memory in use after: 85,5 MB.

Unloading 15 unused Assets to reduce memory usage. Loaded Objects now: 2029.
Total: 6,417236 ms (FindLiveObjects: 0,225453 ms CreateObjectMapping: 0,036930 ms MarkObjects: 6,040138 ms  DeleteObjects: 0,111449 ms)

AssetImportParameters requested are different than current active one (requested -> active):
  custom:video-decoder-ogg-theora: a1e56fd34408186e4bbccfd4996cb3dc -> 
  custom:container-muxer-webm: aa71ff27fc2769a1b78a27578f13a17b -> 
  custom:container-demuxer-webm: 4f35f7cbe854078d1ac9338744f61a02 -> 
  custom:container-demuxer-ogg: 62fdf1f143b41e24485cea50d1cbac27 -> 
  custom:video-encoder-webm-vp8: eb34c28f22e8b96e1ab97ce403110664 -> 
  custom:video-decoder-webm-vp8: 9c59270c3fd7afecdb556c50c9e8de78 -> 
  custom:audio-decoder-ogg-vorbis: bf7c407c2cedff20999df2af8eb42d56 -> 
  custom:audio-encoder-webm-vorbis: bf7c407c2cedff20999df2af8eb42d56 -> 
========================================================================
Received Import Request.
  Time since last request: 66,682018 seconds.
  path: Assets/Resources/Prefabs/Units/Units/Soldier.prefab
  artifactKey: Guid(beb846defff2c82308eec3f363388772) Importer(815301076,1909f56bfc062723c751e8b465ee728b)
Start importing Assets/Resources/Prefabs/Units/Units/Soldier.prefab using Guid(beb846defff2c82308eec3f363388772) Importer(815301076,1909f56bfc062723c751e8b465ee728b)  -> (artifact id: '9a0598def1677813799ea3230979b3dd') in 0,061291 seconds 
  Import took 0,064479 seconds .

========================================================================
Received Import Request.
  Time since last request: 0,089861 seconds.
  path: Assets/Resources/Prefabs/Units/Units/Soldier.prefab
  artifactKey: Guid(beb846defff2c82308eec3f363388772) Importer(815301076,1909f56bfc062723c751e8b465ee728b)
Start importing Assets/Resources/Prefabs/Units/Units/Soldier.prefab using Guid(beb846defff2c82308eec3f363388772) Importer(815301076,1909f56bfc062723c751e8b465ee728b)  -> (artifact id: 'a14946227127dbd67d2acd47c14cc1d8') in 0,009050 seconds 
  Import took 0,013249 seconds .

========================================================================
Received Import Request.
  Time since last request: 1,809503 seconds.
  path: Assets/Resources/Prefabs/Units/Units/Soldier.prefab
  artifactKey: Guid(beb846defff2c82308eec3f363388772) Importer(815301076,1909f56bfc062723c751e8b465ee728b)
Start importing Assets/Resources/Prefabs/Units/Units/Soldier.prefab using Guid(beb846defff2c82308eec3f363388772) Importer(815301076,1909f56bfc062723c751e8b465ee728b)  -> (artifact id: '0c563c7d63e633e352ab45511fcc771d') in 0,010922 seconds 
  Import took 0,014403 seconds .

========================================================================
Received Import Request.
  Time since last request: 2,437832 seconds.
  path: Assets/Resources/Prefabs/Units/Units/Soldier.prefab
  artifactKey: Guid(beb846defff2c82308eec3f363388772) Importer(815301076,1909f56bfc062723c751e8b465ee728b)
Start importing Assets/Resources/Prefabs/Units/Units/Soldier.prefab using Guid(beb846defff2c82308eec3f363388772) Importer(815301076,1909f56bfc062723c751e8b465ee728b)  -> (artifact id: 'd516a95fa33e01679152c823caae85b9') in 0,009598 seconds 
  Import took 0,013751 seconds .

========================================================================
Received Import Request.
  Time since last request: 55,449834 seconds.
  path: Assets/Resources/Prefabs/Units/Buildings/Hut.prefab
  artifactKey: Guid(ad103595d9e7b83bcb9c23c7de4f871e) Importer(815301076,1909f56bfc062723c751e8b465ee728b)
Start importing Assets/Resources/Prefabs/Units/Buildings/Hut.prefab using Guid(ad103595d9e7b83bcb9c23c7de4f871e) Importer(815301076,1909f56bfc062723c751e8b465ee728b)  -> (artifact id: 'afbf8f0d00d5ffc9bcee14683cd29f55') in 0,008831 seconds 
  Import took 0,012420 seconds .

========================================================================
Received Import Request.
  Time since last request: 9,515627 seconds.
  path: Assets/Resources/Prefabs/Units/Buildings/Hut.prefab
  artifactKey: Guid(ad103595d9e7b83bcb9c23c7de4f871e) Importer(815301076,1909f56bfc062723c751e8b465ee728b)
Start importing Assets/Resources/Prefabs/Units/Buildings/Hut.prefab using Guid(ad103595d9e7b83bcb9c23c7de4f871e) Importer(815301076,1909f56bfc062723c751e8b465ee728b)  -> (artifact id: '1c93cabe44883a3d90f51714a0063b71') in 0,011076 seconds 
  Import took 0,014667 seconds .

========================================================================
Received Import Request.
  Time since last request: 4,290958 seconds.
  path: Assets/Resources/Prefabs/Units/Units/Soldier.prefab
  artifactKey: Guid(beb846defff2c82308eec3f363388772) Importer(815301076,1909f56bfc062723c751e8b465ee728b)
Start importing Assets/Resources/Prefabs/Units/Units/Soldier.prefab using Guid(beb846defff2c82308eec3f363388772) Importer(815301076,1909f56bfc062723c751e8b465ee728b)  -> (artifact id: 'c6d1b73affa58834c66f385860f6e7b8') in 0,010068 seconds 
  Import took 0,013353 seconds .

========================================================================
Received Import Request.
  Time since last request: 7,917507 seconds.
  path: Assets/Resources/Prefabs/Units/Units/Soldier.prefab
  artifactKey: Guid(beb846defff2c82308eec3f363388772) Importer(815301076,1909f56bfc062723c751e8b465ee728b)
Start importing Assets/Resources/Prefabs/Units/Units/Soldier.prefab using Guid(beb846defff2c82308eec3f363388772) Importer(815301076,1909f56bfc062723c751e8b465ee728b)  -> (artifact id: '8a6af3ce39ae2488824c7b96d025d649') in 0,009202 seconds 
  Import took 0,012601 seconds .

========================================================================
Received Prepare
Registering precompiled user dll's ...
Registered in 0,002142 seconds.
Begin MonoManager ReloadAssembly
Native extension for LinuxStandalone target not found
Refreshing native plugins compatible for Editor in 0,51 ms, found 0 plugins.
Preloading 0 native plugins for Editor in 0,00 ms.
Mono: successfully reloaded assembly
- Completed reload, in  1,249 seconds
Domain Reload Profiling:
	ReloadAssembly (1249ms)
		BeginReloadAssembly (126ms)
			ExecutionOrderSort (0ms)
			DisableScriptedObjects (6ms)
			BackupInstance (0ms)
			ReleaseScriptingObjects (0ms)
			CreateAndSetChildDomain (57ms)
		EndReloadAssembly (1039ms)
			LoadAssemblies (89ms)
			RebuildTransferFunctionScriptingTraits (0ms)
			SetupTypeCache (408ms)
			ReleaseScriptCaches (1ms)
			RebuildScriptCaches (54ms)
			SetupLoadedEditorAssemblies (355ms)
				LogAssemblyErrors (0ms)
				InitializePlatformSupportModulesInManaged (18ms)
				SetLoadedEditorAssemblies (1ms)
				RefreshPlugins (1ms)
				BeforeProcessingInitializeOnLoad (75ms)
				ProcessInitializeOnLoadAttributes (247ms)
				ProcessInitializeOnLoadMethodAttributes (9ms)
				AfterProcessingInitializeOnLoad (4ms)
				EditorAssembliesLoaded (0ms)
			ExecutionOrderSort2 (0ms)
			AwakeInstancesAfterBackupRestoration (9ms)
Platform modules already initialized, skipping
Refreshing native plugins compatible for Editor in 0,46 ms, found 0 plugins.
Preloading 0 native plugins for Editor in 0,00 ms.
Unloading 1538 Unused Serialized files (Serialized files now loaded: 0)
System memory in use before: 85,5 MB.
System memory in use after: 85,5 MB.

Unloading 15 unused Assets to reduce memory usage. Loaded Objects now: 2032.
Total: 9,086903 ms (FindLiveObjects: 0,294512 ms CreateObjectMapping: 0,078568 ms MarkObjects: 8,580904 ms  DeleteObjects: 0,128591 ms)

AssetImportParameters requested are different than current active one (requested -> active):
  custom:video-decoder-ogg-theora: a1e56fd34408186e4bbccfd4996cb3dc -> 
  custom:container-muxer-webm: aa71ff27fc2769a1b78a27578f13a17b -> 
  custom:container-demuxer-webm: 4f35f7cbe854078d1ac9338744f61a02 -> 
  custom:container-demuxer-ogg: 62fdf1f143b41e24485cea50d1cbac27 -> 
  custom:video-encoder-webm-vp8: eb34c28f22e8b96e1ab97ce403110664 -> 
  custom:video-decoder-webm-vp8: 9c59270c3fd7afecdb556c50c9e8de78 -> 
  custom:audio-decoder-ogg-vorbis: bf7c407c2cedff20999df2af8eb42d56 -> 
  custom:audio-encoder-webm-vorbis: bf7c407c2cedff20999df2af8eb42d56 -> 
========================================================================
Received Prepare
Registering precompiled user dll's ...
Registered in 0,002329 seconds.
Begin MonoManager ReloadAssembly
Native extension for LinuxStandalone target not found
Refreshing native plugins compatible for Editor in 0,46 ms, found 0 plugins.
Preloading 0 native plugins for Editor in 0,00 ms.
Mono: successfully reloaded assembly
- Completed reload, in  1,135 seconds
Domain Reload Profiling:
	ReloadAssembly (1135ms)
		BeginReloadAssembly (91ms)
			ExecutionOrderSort (0ms)
			DisableScriptedObjects (5ms)
			BackupInstance (0ms)
			ReleaseScriptingObjects (0ms)
			CreateAndSetChildDomain (42ms)
		EndReloadAssembly (984ms)
			LoadAssemblies (65ms)
			RebuildTransferFunctionScriptingTraits (0ms)
			SetupTypeCache (379ms)
			ReleaseScriptCaches (1ms)
			RebuildScriptCaches (65ms)
			SetupLoadedEditorAssemblies (346ms)
				LogAssemblyErrors (0ms)
				InitializePlatformSupportModulesInManaged (13ms)
				SetLoadedEditorAssemblies (1ms)
				RefreshPlugins (0ms)
				BeforeProcessingInitializeOnLoad (57ms)
				ProcessInitializeOnLoadAttributes (261ms)
				ProcessInitializeOnLoadMethodAttributes (11ms)
				AfterProcessingInitializeOnLoad (4ms)
				EditorAssembliesLoaded (0ms)
			ExecutionOrderSort2 (0ms)
			AwakeInstancesAfterBackupRestoration (9ms)
Platform modules already initialized, skipping
Refreshing native plugins compatible for Editor in 0,42 ms, found 0 plugins.
Preloading 0 native plugins for Editor in 0,00 ms.
Unloading 1538 Unused Serialized files (Serialized files now loaded: 0)
System memory in use before: 85,5 MB.
System memory in use after: 85,5 MB.

Unloading 14 unused Assets to reduce memory usage. Loaded Objects now: 2034.
Total: 5,775132 ms (FindLiveObjects: 0,339466 ms CreateObjectMapping: 0,093425 ms MarkObjects: 5,253794 ms  DeleteObjects: 0,084399 ms)

AssetImportParameters requested are different than current active one (requested -> active):
  custom:video-decoder-ogg-theora: a1e56fd34408186e4bbccfd4996cb3dc -> 
  custom:container-muxer-webm: aa71ff27fc2769a1b78a27578f13a17b -> 
  custom:container-demuxer-webm: 4f35f7cbe854078d1ac9338744f61a02 -> 
  custom:container-demuxer-ogg: 62fdf1f143b41e24485cea50d1cbac27 -> 
  custom:video-encoder-webm-vp8: eb34c28f22e8b96e1ab97ce403110664 -> 
  custom:video-decoder-webm-vp8: 9c59270c3fd7afecdb556c50c9e8de78 -> 
  custom:audio-decoder-ogg-vorbis: bf7c407c2cedff20999df2af8eb42d56 -> 
  custom:audio-encoder-webm-vorbis: bf7c407c2cedff20999df2af8eb42d56 -> 
